<?xml version="1.0" encoding="UTF-8"?>
<testsuite name="pl.oxerek.lb.LoadBalancerWithStrategySpec" tests="3" skipped="0" failures="0" errors="0" timestamp="2023-08-08T10:15:08" hostname="Michals-MacBook-Pro.local" time="0.006">
  <properties/>
  <testcase name="should successfully return random instance" classname="pl.oxerek.lb.LoadBalancerWithStrategySpec" time="0.003"/>
  <testcase name="should successfully return next instance" classname="pl.oxerek.lb.LoadBalancerWithStrategySpec" time="0.0"/>
  <testcase name="should successfully return next instance considering weights" classname="pl.oxerek.lb.LoadBalancerWithStrategySpec" time="0.002"/>
  <system-out><![CDATA[]]></system-out>
  <system-err><![CDATA[]]></system-err>
</testsuite>
