<?xml version="1.0" encoding="UTF-8"?>
<testsuite name="pl.oxerek.lb.LoadBalancerSpec" tests="6" skipped="0" failures="0" errors="0" timestamp="2023-08-08T10:15:08" hostname="Michals-MacBook-Pro.local" time="0.094">
  <properties/>
  <testcase name="should successfully register instance" classname="pl.oxerek.lb.LoadBalancerSpec" time="0.084"/>
  <testcase name="should throw NullPointException when instance is null" classname="pl.oxerek.lb.LoadBalancerSpec" time="0.001"/>
  <testcase name="should throw NotUniqueInstanceException when instance is not unique" classname="pl.oxerek.lb.LoadBalancerSpec" time="0.002"/>
  <testcase name="should throw InstancesLimitExceeded when instances limit is reached" classname="pl.oxerek.lb.LoadBalancerSpec" time="0.0"/>
  <testcase name="should throw NoRegisteredInstance when there is no instance" classname="pl.oxerek.lb.LoadBalancerSpec" time="0.007"/>
  <testcase name="should successfully return instance" classname="pl.oxerek.lb.LoadBalancerSpec" time="0.0"/>
  <system-out><![CDATA[]]></system-out>
  <system-err><![CDATA[]]></system-err>
</testsuite>
